<?xml version="1.0" encoding="UTF-8"?>
<!-- Generated by org.testng.reporters.JUnitReportReporter -->
<testsuite hostname="LAPTOP-EL41SIBM" failures="0" tests="1" name="Test1.Openbrowser" time="13.466" errors="0" timestamp="2024-02-13T17:46:40 IST" skipped="0">
  <testcase classname="Test1.Openbrowser" name="browserLaunch" time="13.466"/>
  <system-out/>
</testsuite> <!-- Test1.Openbrowser -->
