<?xml version="1.0" encoding="UTF-8"?>
<!-- Generated by org.testng.reporters.JUnitReportReporter -->
<testsuite hostname="LAPTOP-EL41SIBM" failures="0" tests="1" name="Test1.Openbrowser" time="12.851" errors="0" timestamp="2024-02-15T23:33:49 IST" skipped="0">
  <testcase classname="Test1.Openbrowser" name="browserLaunch" time="12.851"/>
</testsuite> <!-- Test1.Openbrowser -->
